app/build/intermediates/manifest_merge_blame_file/debug/manifest-merger-blame-debug-report.txt
1<?xml version="1.0" encoding="utf-8"?>
2<manifest xmlns:android="http://schemas.android.com/apk/res/android"
3    package="com.example.snackordering"
4    android:versionCode="1"
5    android:versionName="1.0" >
6
7    <uses-sdk
8        android:minSdkVersion="22"
8-->src\main\AndroidManifest.xml
9        android:targetSdkVersion="33" />
9-->src\main\AndroidManifest.xml
10
11    <application
11-->src\main\AndroidManifest.xml:5:5-44:19
12        android:allowBackup="true"
12-->src\main\AndroidManifest.xml:6:9-35
13        android:appComponentFactory="androidx.core.app.CoreComponentFactory"
13-->[androidx.core:core:1.7.0] AndroidManifest.xml:24:18-86
14        android:dataExtractionRules="@xml/data_extraction_rules"
14-->src\main\AndroidManifest.xml:7:9-65
15        android:debuggable="true"
16        android:fullBackupContent="@xml/backup_rules"
16-->src\main\AndroidManifest.xml:8:9-54
17        android:icon="@drawable/icon"
17-->src\main\AndroidManifest.xml:9:9-38
18        android:label="@string/app_name"
18-->src\main\AndroidManifest.xml:10:9-41
19        android:supportsRtl="true"
19-->src\main\AndroidManifest.xml:11:9-35
20        android:testOnly="true"
21        android:theme="@style/Theme.SnackOrdering" >
21-->src\main\AndroidManifest.xml:12:9-51
22        <activity
22-->src\main\AndroidManifest.xml:14:9-18:58
23            android:name="com.example.snackordering.AdminActivity"
23-->src\main\AndroidManifest.xml:15:13-42
24            android:exported="true"
24-->src\main\AndroidManifest.xml:16:13-36
25            android:label="@string/title_activity_admin"
25-->src\main\AndroidManifest.xml:17:13-57
26            android:theme="@style/Theme.SnackOrdering" />
26-->src\main\AndroidManifest.xml:18:13-55
27        <activity
27-->src\main\AndroidManifest.xml:19:9-28:20
28            android:name="com.example.snackordering.LoginActivity"
28-->src\main\AndroidManifest.xml:20:13-42
29            android:exported="true"
29-->src\main\AndroidManifest.xml:21:13-36
30            android:theme="@style/Theme.SnackOrdering" >
30-->src\main\AndroidManifest.xml:22:13-55
31            <intent-filter>
31-->src\main\AndroidManifest.xml:23:13-27:29
32                <action android:name="android.intent.action.MAIN" />
32-->src\main\AndroidManifest.xml:24:17-69
32-->src\main\AndroidManifest.xml:24:25-66
33
34                <category android:name="android.intent.category.LAUNCHER" />
34-->src\main\AndroidManifest.xml:26:17-77
34-->src\main\AndroidManifest.xml:26:27-74
35            </intent-filter>
36        </activity>
37        <activity
37-->src\main\AndroidManifest.xml:29:9-33:58
38            android:name="com.example.snackordering.TargetActivity"
38-->src\main\AndroidManifest.xml:30:13-43
39            android:exported="false"
39-->src\main\AndroidManifest.xml:31:13-37
40            android:label="@string/title_activity_target"
40-->src\main\AndroidManifest.xml:32:13-58
41            android:theme="@style/Theme.SnackOrdering" />
41-->src\main\AndroidManifest.xml:33:13-55
42        <activity
42-->src\main\AndroidManifest.xml:34:9-38:58
43            android:name="com.example.snackordering.MainPage"
43-->src\main\AndroidManifest.xml:35:13-37
44            android:exported="false"
44-->src\main\AndroidManifest.xml:36:13-37
45            android:label="@string/title_activity_main_page"
45-->src\main\AndroidManifest.xml:37:13-61
46            android:theme="@style/Theme.SnackOrdering" />
46-->src\main\AndroidManifest.xml:38:13-55
47        <activity
47-->src\main\AndroidManifest.xml:39:9-43:58
48            android:name="com.example.snackordering.MainActivity"
48-->src\main\AndroidManifest.xml:40:13-41
49            android:exported="false"
49-->src\main\AndroidManifest.xml:41:13-37
50            android:label="MainActivity"
50-->src\main\AndroidManifest.xml:42:13-41
51            android:theme="@style/Theme.SnackOrdering" />
51-->src\main\AndroidManifest.xml:43:13-55
52
53        <service
53-->[androidx.room:room-runtime:2.5.0] AndroidManifest.xml:24:9-28:63
54            android:name="androidx.room.MultiInstanceInvalidationService"
54-->[androidx.room:room-runtime:2.5.0] AndroidManifest.xml:25:13-74
55            android:directBootAware="true"
55-->[androidx.room:room-runtime:2.5.0] AndroidManifest.xml:26:13-43
56            android:exported="false" />
56-->[androidx.room:room-runtime:2.5.0] AndroidManifest.xml:27:13-37
57
58        <activity
58-->[androidx.compose.ui:ui-tooling:1.2.0] AndroidManifest.xml:24:9-26:39
59            android:name="androidx.compose.ui.tooling.PreviewActivity"
59-->[androidx.compose.ui:ui-tooling:1.2.0] AndroidManifest.xml:25:13-71
60            android:exported="true" />
60-->[androidx.compose.ui:ui-tooling:1.2.0] AndroidManifest.xml:26:13-36
61        <activity
61-->[androidx.compose.ui:ui-test-manifest:1.2.0] AndroidManifest.xml:24:9-26:39
62            android:name="androidx.activity.ComponentActivity"
62-->[androidx.compose.ui:ui-test-manifest:1.2.0] AndroidManifest.xml:25:13-63
63            android:exported="true" />
63-->[androidx.compose.ui:ui-test-manifest:1.2.0] AndroidManifest.xml:26:13-36
64
65        <provider
65-->[androidx.profileinstaller:profileinstaller:1.2.0] AndroidManifest.xml:25:9-33:20
66            android:name="androidx.startup.InitializationProvider"
66-->[androidx.profileinstaller:profileinstaller:1.2.0] AndroidManifest.xml:26:13-67
67            android:authorities="com.example.snackordering.androidx-startup"
67-->[androidx.profileinstaller:profileinstaller:1.2.0] AndroidManifest.xml:27:13-68
68            android:exported="false" >
68-->[androidx.profileinstaller:profileinstaller:1.2.0] AndroidManifest.xml:28:13-37
69            <meta-data
69-->[androidx.profileinstaller:profileinstaller:1.2.0] AndroidManifest.xml:30:13-32:52
70                android:name="androidx.profileinstaller.ProfileInstallerInitializer"
70-->[androidx.profileinstaller:profileinstaller:1.2.0] AndroidManifest.xml:31:17-85
71                android:value="androidx.startup" />
71-->[androidx.profileinstaller:profileinstaller:1.2.0] AndroidManifest.xml:32:17-49
72        </provider>
73
74        <receiver
74-->[androidx.profileinstaller:profileinstaller:1.2.0] AndroidManifest.xml:35:9-47:20
75            android:name="androidx.profileinstaller.ProfileInstallReceiver"
75-->[androidx.profileinstaller:profileinstaller:1.2.0] AndroidManifest.xml:36:13-76
76            android:directBootAware="false"
76-->[androidx.profileinstaller:profileinstaller:1.2.0] AndroidManifest.xml:37:13-44
77            android:enabled="true"
77-->[androidx.profileinstaller:profileinstaller:1.2.0] AndroidManifest.xml:38:13-35
78            android:exported="true"
78-->[androidx.profileinstaller:profileinstaller:1.2.0] AndroidManifest.xml:39:13-36
79            android:permission="android.permission.DUMP" >
79-->[androidx.profileinstaller:profileinstaller:1.2.0] AndroidManifest.xml:40:13-57
80            <intent-filter>
80-->[androidx.profileinstaller:profileinstaller:1.2.0] AndroidManifest.xml:41:13-43:29
81                <action android:name="androidx.profileinstaller.action.INSTALL_PROFILE" />
81-->[androidx.profileinstaller:profileinstaller:1.2.0] AndroidManifest.xml:42:17-91
81-->[androidx.profileinstaller:profileinstaller:1.2.0] AndroidManifest.xml:42:25-88
82            </intent-filter>
83            <intent-filter>
83-->[androidx.profileinstaller:profileinstaller:1.2.0] AndroidManifest.xml:44:13-46:29
84                <action android:name="androidx.profileinstaller.action.SKIP_FILE" />
84-->[androidx.profileinstaller:profileinstaller:1.2.0] AndroidManifest.xml:45:17-85
84-->[androidx.profileinstaller:profileinstaller:1.2.0] AndroidManifest.xml:45:25-82
85            </intent-filter>
86        </receiver>
87    </application>
88
89</manifest>